Arguments: 
  /home/volkovich/.nvm/versions/node/v6.9.1/bin/node /usr/share/yarn/bin/yarn.js add @opuscapita/npm-scripts@1.0.8

PATH: 
  /home/volkovich/.sdkman/candidates/java/current/bin:/home/volkovich/perl5/bin;/home/volkovich/vcs/jcatalog-installer/bin;:/usr/share/maven/bin:/home/volkovich/bin/grails-2.4.4/bin:/home/volkovich/.yarn/bin:/home/volkovich/.nvm/versions/node/v6.9.1/bin:/home/volkovich/bin:/home/volkovich/.local/bin:/usr/local/sbin:/usr/local/bin:/usr/sbin:/usr/bin:/sbin:/bin:/usr/games:/usr/local/games:/snap/bin:/usr/lib/jvm/java-8-oracle/bin:/usr/lib/jvm/java-8-oracle/db/bin:/usr/lib/jvm/java-8-oracle/jre/bin:/home/volkovich/.cask/bin

Yarn version: 
  0.22.0-20170221.1821

Node version: 
  6.9.1

Platform: 
  linux x64

npm manifest: 
  {
    "name": "opuscapita-react-ui-buttons",
    "version": "1.0.13",
    "description": "Start write new project with no effort.",
    "scripts": {
      "npm-build": "rimraf lib && babel --copy-files --no-babelrc --presets es2015,stage-0,react --plugins transform-decorators-legacy --ignore __tests__,*.spec.js,demo src/client/components --out-dir lib",
      "link-mode": "webpack --watch --config ./webpack.link.config.js",
      "lint": "eslint src/client",
      "start": "nodemon --watch www www/index --exec babel-node --presets es2015,stage-0,react --plugins transform-decorators-legacy",
      "npm-publish": "npm run npm-build && npm-publish",
      "publish-snapshot": "npm run npm-publish",
      "publish-release": "npm run npm-publish -- --release"
    },
    "main": "lib/index.js",
    "files": [
      "lib",
      "README.md"
    ],
    "license": "Apache-2.0",
    "repository": "OpusCapitaBES/js-react-ui-buttons",
    "publishConfig": {
      "access": "public",
      "registry": "https://registry.npmjs.org"
    },
    "peerDependencies": {
      "react": ">= 0.14.8",
      "react-dom": ">= 0.14.8"
    },
    "dependencies": {
      "opuscapita-react-ui-overlays": "1.0.11",
      "opuscapita-react-ui-svg": "1.0.3"
    },
    "devDependencies": {
      "@opuscapita/npm-scripts": "1.0.8",
      "autoprefixer": "6.4.1",
      "babel-cli": "6.5.1",
      "babel-core": "6.4.0",
      "babel-eslint": "7.1.1",
      "babel-loader": "6.2.1",
      "babel-plugin-transform-decorators-legacy": "1.3.4",
      "babel-plugin-transform-object-assign": "6.8.0",
      "babel-preset-es2015": "6.3.13",
      "babel-preset-react": "6.3.13",
      "babel-preset-stage-0": "6.3.13",
      "babel-register": "6.5.2",
      "babel-standalone": "6.14.0",
      "cross-env": "1.0.7",
      "css-loader": "0.21.0",
      "eslint": "3.11.1",
      "eslint-config-opuscapita": "1.0.7",
      "eslint-plugin-react": "6.7.1",
      "express": "4.13.4",
      "file-loader": "0.9.0",
      "json-loader": "0.5.4",
      "less": "2.3.1",
      "less-loader": "2.2.2",
      "nodemon": "1.9.1",
      "opuscapita-showroom-client": "1.1.0",
      "opuscapita-showroom-server": "1.1.0",
      "opuscapita-ui-svg-icons": "1.0.4",
      "react": "15.4.2",
      "react-dom": "15.4.2",
      "postcss-loader": "0.13.0",
      "postcss-modules": "0.5.2",
      "raw-loader": "0.5.1",
      "rimraf": "2.5.2",
      "source-map-loader": "0.1.5",
      "style-loader": "0.13.1",
      "url-loader": "0.5.7",
      "webpack": "1.13.3",
      "webpack-dev-middleware": "1.5.1",
      "write-file-webpack-plugin": "3.3.0"
    }
  }

yarn manifest: 
  No manifest

Lockfile: 
  No lockfile

Trace: 
  Error: http://localhost:8081/repository/npm/autoprefixer: Package 'autoprefixer' not found
      at Request.params.callback [as _callback] (/usr/share/yarn/lib/util/request-manager.js:313:18)
      at Request.self.callback (/usr/share/yarn/node_modules/request/request.js:186:22)
      at emitTwo (events.js:106:13)
      at Request.emit (events.js:191:7)
      at Request.<anonymous> (/usr/share/yarn/node_modules/request/request.js:1081:10)
      at emitOne (events.js:96:13)
      at Request.emit (events.js:188:7)
      at IncomingMessage.<anonymous> (/usr/share/yarn/node_modules/request/request.js:1001:12)
      at IncomingMessage.g (events.js:291:16)
      at emitNone (events.js:91:20)
